[ 2017-03-14T10:05:18+08:00 ] 127.0.0.1 127.0.0.1 GET /admin.php
[ log ] zxw.org/admin.php [运行时间：0.021001s][吞吐率：47.62req/s] [内存消耗：1,118.77kb] [文件加载：34]
[ info ] [ LANG ] D:\phpStudy\WWW\zxw\thinkphp\lang\zh-cn.php
[ info ] [ ROUTE ] array (
  'type' => 'module',
  'module' => 
  array (
    0 => '',
    1 => NULL,
    2 => NULL,
  ),
)
[ info ] [ HEADER ] array (
  'cookie' => 'pgv_pvi=5895930880',
  'accept-language' => 'zh-CN,zh;q=0.8',
  'accept-encoding' => 'gzip, deflate, sdch',
  'user-agent' => 'Mozilla/5.0 (Windows NT 6.1; WOW64) AppleWebKit/537.36 (KHTML, like Gecko) Chrome/45.0.2454.101 Safari/537.36',
  'upgrade-insecure-requests' => '1',
  'accept' => 'text/html,application/xhtml+xml,application/xml;q=0.9,image/webp,*/*;q=0.8',
  'connection' => 'close',
  'host' => 'zxw.org',
)
[ info ] [ PARAM ] array (
)
[ info ] [ RUN ] app\index\controller\Login->index[ D:\phpStudy\WWW\zxw\application\admin\index\controller\Login.php ]
[ info ] [ VIEW ] D:\phpStudy\WWW\zxw/application/admin/index\view\login\index.html [ array (
) ]
[ info ] [ LOG ] INIT File

---------------------------------------------------------------
[ 2017-03-14T10:05:18+08:00 ] 127.0.0.1 127.0.0.1 GET /admin.php/captcha.html
[ log ] zxw.org/admin.php/captcha.html [运行时间：0.026001s][吞吐率：38.46req/s] [内存消耗：940.87kb] [文件加载：29]
[ info ] [ LANG ] D:\phpStudy\WWW\zxw\thinkphp\lang\zh-cn.php
[ info ] [ ROUTE ] array (
  'type' => 'method',
  'method' => 
  array (
    0 => '\\think\\captcha\\CaptchaController',
    1 => 'index',
  ),
  'var' => 
  array (
  ),
)
[ info ] [ HEADER ] array (
  'cookie' => 'pgv_pvi=5895930880',
  'accept-language' => 'zh-CN,zh;q=0.8',
  'accept-encoding' => 'gzip, deflate, sdch',
  'referer' => 'http://zxw.org/admin.php',
  'user-agent' => 'Mozilla/5.0 (Windows NT 6.1; WOW64) AppleWebKit/537.36 (KHTML, like Gecko) Chrome/45.0.2454.101 Safari/537.36',
  'accept' => 'image/webp,image/*,*/*;q=0.8',
  'connection' => 'close',
  'host' => 'zxw.org',
)
[ info ] [ PARAM ] array (
  'id' => NULL,
)
[ info ] [ RUN ] think\captcha\CaptchaController->index[ D:\phpStudy\WWW\zxw\application\vendor\topthink\think-captcha\src\CaptchaController.php ]
[ info ] [ SESSION ] INIT array (
  'name' => 'usesession',
  'auto_start' => true,
)
[ info ] [ LOG ] INIT File

---------------------------------------------------------------
[ 2017-03-14T10:05:28+08:00 ] 127.0.0.1 127.0.0.1 POST /admin.php/index/login/check.html
[ log ] zxw.org/admin.php/index/login/check.html [运行时间：0.147203s][吞吐率：6.79req/s] [内存消耗：1,801.42kb] [文件加载：40]
[ info ] [ LANG ] D:\phpStudy\WWW\zxw\thinkphp\lang\zh-cn.php
[ info ] [ ROUTE ] array (
  'type' => 'module',
  'module' => 
  array (
    0 => 'index',
    1 => 'login',
    2 => 'check',
  ),
)
[ info ] [ HEADER ] array (
  'cookie' => 'pgv_pvi=5895930880; usesession=k3d0nlr2ha61vh7i2h2r4m2f56',
  'accept-language' => 'zh-CN,zh;q=0.8',
  'accept-encoding' => 'gzip, deflate',
  'referer' => 'http://zxw.org/admin.php',
  'content-type' => 'application/x-www-form-urlencoded; charset=UTF-8',
  'user-agent' => 'Mozilla/5.0 (Windows NT 6.1; WOW64) AppleWebKit/537.36 (KHTML, like Gecko) Chrome/45.0.2454.101 Safari/537.36',
  'x-requested-with' => 'XMLHttpRequest',
  'origin' => 'http://zxw.org',
  'accept' => '*/*',
  'content-length' => '24',
  'connection' => 'close',
  'host' => 'zxw.org',
)
[ info ] [ PARAM ] array (
  'name' => '1',
  'pwd' => '1',
  'verify' => 'vcpe',
)
[ info ] [ RUN ] app\index\controller\Login->check[ D:\phpStudy\WWW\zxw\application\admin\index\controller\Login.php ]
[ info ] [ DB ] INIT mysql
[ info ] [ SESSION ] INIT array (
  'name' => 'usesession',
  'auto_start' => true,
)
[ info ] [ LOG ] INIT File
[ sql ] [ DB ] CONNECT:[ UseTime:0.015600s ] mysql:dbname=zxw;host=localhost;port=3306;charset=utf8
[ sql ] [ SQL ] SHOW COLUMNS FROM `zx_manager` [ RunTime:0.062400s ]
[ sql ] [ SQL ] SELECT COUNT(*) AS tp_count FROM `zx_manager` WHERE  `name` = '1' LIMIT 1 [ RunTime:0.000000s ]
[ sql ] [ SQL ] SELECT `password` FROM `zx_manager` WHERE  `name` = '1' LIMIT 1 [ RunTime:0.015600s ]
[ sql ] [ SQL ] SELECT `create_time` FROM `zx_manager` WHERE  `name` = '1' LIMIT 1 [ RunTime:0.000000s ]

---------------------------------------------------------------
[ 2017-03-14T10:05:30+08:00 ] 127.0.0.1 127.0.0.1 GET /admin.php/index/index/index.html
[ log ] zxw.org/admin.php/index/index/index.html [运行时间：0.051602s][吞吐率：19.38req/s] [内存消耗：1,182.80kb] [文件加载：35]
[ info ] [ LANG ] D:\phpStudy\WWW\zxw\thinkphp\lang\zh-cn.php
[ info ] [ ROUTE ] array (
  'type' => 'module',
  'module' => 
  array (
    0 => 'index',
    1 => 'index',
    2 => 'index',
  ),
)
[ info ] [ HEADER ] array (
  'cookie' => 'pgv_pvi=5895930880; usesession=k3d0nlr2ha61vh7i2h2r4m2f56',
  'accept-language' => 'zh-CN,zh;q=0.8',
  'accept-encoding' => 'gzip, deflate, sdch',
  'referer' => 'http://zxw.org/admin.php',
  'user-agent' => 'Mozilla/5.0 (Windows NT 6.1; WOW64) AppleWebKit/537.36 (KHTML, like Gecko) Chrome/45.0.2454.101 Safari/537.36',
  'upgrade-insecure-requests' => '1',
  'accept' => 'text/html,application/xhtml+xml,application/xml;q=0.9,image/webp,*/*;q=0.8',
  'connection' => 'close',
  'host' => 'zxw.org',
)
[ info ] [ PARAM ] array (
)
[ info ] [ RUN ] app\index\controller\Index->index[ D:\phpStudy\WWW\zxw\application\admin\index\controller\Index.php ]
[ info ] [ VIEW ] D:\phpStudy\WWW\zxw/application/admin/index\view\index\index.html [ array (
) ]
[ info ] [ LOG ] INIT File

---------------------------------------------------------------
[ 2017-03-14T10:05:30+08:00 ] 127.0.0.1 127.0.0.1 GET /admin.php/index/render/index.html
[ log ] zxw.org/admin.php/index/render/index.html [运行时间：0.021001s][吞吐率：47.62req/s] [内存消耗：1,185.51kb] [文件加载：35]
[ info ] [ LANG ] D:\phpStudy\WWW\zxw\thinkphp\lang\zh-cn.php
[ info ] [ ROUTE ] array (
  'type' => 'module',
  'module' => 
  array (
    0 => 'index',
    1 => 'render',
    2 => 'index',
  ),
)
[ info ] [ HEADER ] array (
  'cookie' => 'pgv_pvi=5895930880; usesession=k3d0nlr2ha61vh7i2h2r4m2f56',
  'accept-language' => 'zh-CN,zh;q=0.8',
  'accept-encoding' => 'gzip, deflate, sdch',
  'referer' => 'http://zxw.org/admin.php/index/index/index.html',
  'user-agent' => 'Mozilla/5.0 (Windows NT 6.1; WOW64) AppleWebKit/537.36 (KHTML, like Gecko) Chrome/45.0.2454.101 Safari/537.36',
  'upgrade-insecure-requests' => '1',
  'accept' => 'text/html,application/xhtml+xml,application/xml;q=0.9,image/webp,*/*;q=0.8',
  'connection' => 'close',
  'host' => 'zxw.org',
)
[ info ] [ PARAM ] array (
)
[ info ] [ RUN ] app\index\controller\Render->index[ D:\phpStudy\WWW\zxw\application\admin\index\controller\Render.php ]
[ info ] [ VIEW ] D:\phpStudy\WWW\zxw/application/admin/index\view\render\index.html [ array (
) ]
[ info ] [ LOG ] INIT File

---------------------------------------------------------------
[ 2017-03-14T10:05:30+08:00 ] 127.0.0.1 127.0.0.1 GET /admin.php/index/render/top.html
[ log ] zxw.org/admin.php/index/render/top.html [运行时间：0.022001s][吞吐率：45.45req/s] [内存消耗：1,185.84kb] [文件加载：35]
[ info ] [ LANG ] D:\phpStudy\WWW\zxw\thinkphp\lang\zh-cn.php
[ info ] [ ROUTE ] array (
  'type' => 'module',
  'module' => 
  array (
    0 => 'index',
    1 => 'render',
    2 => 'top',
  ),
)
[ info ] [ HEADER ] array (
  'cookie' => 'pgv_pvi=5895930880; usesession=k3d0nlr2ha61vh7i2h2r4m2f56',
  'accept-language' => 'zh-CN,zh;q=0.8',
  'accept-encoding' => 'gzip, deflate, sdch',
  'referer' => 'http://zxw.org/admin.php/index/render/index.html',
  'user-agent' => 'Mozilla/5.0 (Windows NT 6.1; WOW64) AppleWebKit/537.36 (KHTML, like Gecko) Chrome/45.0.2454.101 Safari/537.36',
  'upgrade-insecure-requests' => '1',
  'accept' => 'text/html,application/xhtml+xml,application/xml;q=0.9,image/webp,*/*;q=0.8',
  'connection' => 'close',
  'host' => 'zxw.org',
)
[ info ] [ PARAM ] array (
)
[ info ] [ RUN ] app\index\controller\Render->top[ D:\phpStudy\WWW\zxw\application\admin\index\controller\Render.php ]
[ info ] [ VIEW ] D:\phpStudy\WWW\zxw/application/admin/index\view\render\top.html [ array (
) ]
[ info ] [ LOG ] INIT File

---------------------------------------------------------------
[ 2017-03-14T10:05:31+08:00 ] 127.0.0.1 127.0.0.1 GET /admin.php/index/render/left.html
[ log ] zxw.org/admin.php/index/render/left.html [运行时间：0.048003s][吞吐率：20.83req/s] [内存消耗：1,185.06kb] [文件加载：35]
[ info ] [ LANG ] D:\phpStudy\WWW\zxw\thinkphp\lang\zh-cn.php
[ info ] [ ROUTE ] array (
  'type' => 'module',
  'module' => 
  array (
    0 => 'index',
    1 => 'render',
    2 => 'left',
  ),
)
[ info ] [ HEADER ] array (
  'cookie' => 'pgv_pvi=5895930880; usesession=k3d0nlr2ha61vh7i2h2r4m2f56',
  'accept-language' => 'zh-CN,zh;q=0.8',
  'accept-encoding' => 'gzip, deflate, sdch',
  'referer' => 'http://zxw.org/admin.php/index/render/index.html',
  'user-agent' => 'Mozilla/5.0 (Windows NT 6.1; WOW64) AppleWebKit/537.36 (KHTML, like Gecko) Chrome/45.0.2454.101 Safari/537.36',
  'upgrade-insecure-requests' => '1',
  'accept' => 'text/html,application/xhtml+xml,application/xml;q=0.9,image/webp,*/*;q=0.8',
  'connection' => 'close',
  'host' => 'zxw.org',
)
[ info ] [ PARAM ] array (
)
[ info ] [ RUN ] app\index\controller\Render->left[ D:\phpStudy\WWW\zxw\application\admin\index\controller\Render.php ]
[ info ] [ VIEW ] D:\phpStudy\WWW\zxw/application/admin/index\view\render\left.html [ array (
) ]
[ info ] [ LOG ] INIT File

---------------------------------------------------------------
[ 2017-03-14T10:05:31+08:00 ] 127.0.0.1 127.0.0.1 GET /admin.php/index/render/aside_img.png
[ log ] zxw.org/admin.php/index/render/aside_img.png [运行时间：0.018001s][吞吐率：55.55req/s] [内存消耗：917.98kb] [文件加载：31]
[ info ] [ LANG ] D:\phpStudy\WWW\zxw\thinkphp\lang\zh-cn.php
[ info ] [ ROUTE ] array (
  'type' => 'module',
  'module' => 
  array (
    0 => 'index',
    1 => 'render',
    2 => 'aside_img.png',
  ),
)
[ info ] [ HEADER ] array (
  'cookie' => 'pgv_pvi=5895930880; usesession=k3d0nlr2ha61vh7i2h2r4m2f56',
  'accept-language' => 'zh-CN,zh;q=0.8',
  'accept-encoding' => 'gzip, deflate, sdch',
  'referer' => 'http://zxw.org/admin.php/index/render/left.html',
  'user-agent' => 'Mozilla/5.0 (Windows NT 6.1; WOW64) AppleWebKit/537.36 (KHTML, like Gecko) Chrome/45.0.2454.101 Safari/537.36',
  'accept' => 'image/webp,image/*,*/*;q=0.8',
  'connection' => 'close',
  'host' => 'zxw.org',
)
[ info ] [ PARAM ] array (
)
[ info ] [ LOG ] INIT File

---------------------------------------------------------------
[ 2017-03-14T10:05:31+08:00 ] 127.0.0.1 127.0.0.1 GET /admin.php/index/render/right.html
[ log ] zxw.org/admin.php/index/render/right.html [运行时间：0.085005s][吞吐率：11.76req/s] [内存消耗：1,184.51kb] [文件加载：35]
[ info ] [ LANG ] D:\phpStudy\WWW\zxw\thinkphp\lang\zh-cn.php
[ info ] [ ROUTE ] array (
  'type' => 'module',
  'module' => 
  array (
    0 => 'index',
    1 => 'render',
    2 => 'right',
  ),
)
[ info ] [ HEADER ] array (
  'cookie' => 'pgv_pvi=5895930880; usesession=k3d0nlr2ha61vh7i2h2r4m2f56',
  'accept-language' => 'zh-CN,zh;q=0.8',
  'accept-encoding' => 'gzip, deflate, sdch',
  'referer' => 'http://zxw.org/admin.php/index/render/index.html',
  'user-agent' => 'Mozilla/5.0 (Windows NT 6.1; WOW64) AppleWebKit/537.36 (KHTML, like Gecko) Chrome/45.0.2454.101 Safari/537.36',
  'upgrade-insecure-requests' => '1',
  'accept' => 'text/html,application/xhtml+xml,application/xml;q=0.9,image/webp,*/*;q=0.8',
  'connection' => 'close',
  'host' => 'zxw.org',
)
[ info ] [ PARAM ] array (
)
[ info ] [ RUN ] app\index\controller\Render->right[ D:\phpStudy\WWW\zxw\application\admin\index\controller\Render.php ]
[ info ] [ VIEW ] D:\phpStudy\WWW\zxw/application/admin/index\view\render\right.html [ array (
) ]
[ info ] [ LOG ] INIT File

---------------------------------------------------------------
[ 2017-03-14T10:05:42+08:00 ] 127.0.0.1 127.0.0.1 GET /admin.php/index/index/index.html
[ log ] zxw.org/admin.php/index/index/index.html [运行时间：0.020001s][吞吐率：50.00req/s] [内存消耗：1,068.03kb] [文件加载：33]
[ info ] [ LANG ] D:\phpStudy\WWW\zxw\thinkphp\lang\zh-cn.php
[ info ] [ ROUTE ] array (
  'type' => 'module',
  'module' => 
  array (
    0 => 'index',
    1 => 'index',
    2 => 'index',
  ),
)
[ info ] [ HEADER ] array (
  'cookie' => 'pgv_pvi=5895930880; usesession=k3d0nlr2ha61vh7i2h2r4m2f56',
  'accept-language' => 'zh-CN,zh;q=0.8',
  'accept-encoding' => 'gzip, deflate, sdch',
  'referer' => 'http://zxw.org/admin.php',
  'user-agent' => 'Mozilla/5.0 (Windows NT 6.1; WOW64) AppleWebKit/537.36 (KHTML, like Gecko) Chrome/45.0.2454.101 Safari/537.36',
  'upgrade-insecure-requests' => '1',
  'accept' => 'text/html,application/xhtml+xml,application/xml;q=0.9,image/webp,*/*;q=0.8',
  'cache-control' => 'max-age=0',
  'connection' => 'close',
  'host' => 'zxw.org',
)
[ info ] [ PARAM ] array (
)
[ info ] [ RUN ] app\index\controller\Index->index[ D:\phpStudy\WWW\zxw\application\admin\index\controller\Index.php ]
[ info ] [ VIEW ] D:\phpStudy\WWW\zxw/application/admin/index\view\index\index.html [ array (
) ]
[ info ] [ LOG ] INIT File

---------------------------------------------------------------
[ 2017-03-14T10:05:42+08:00 ] 127.0.0.1 127.0.0.1 GET /admin.php/index/render/index.html
[ log ] zxw.org/admin.php/index/render/index.html [运行时间：0.018001s][吞吐率：55.55req/s] [内存消耗：1,069.98kb] [文件加载：33]
[ info ] [ LANG ] D:\phpStudy\WWW\zxw\thinkphp\lang\zh-cn.php
[ info ] [ ROUTE ] array (
  'type' => 'module',
  'module' => 
  array (
    0 => 'index',
    1 => 'render',
    2 => 'index',
  ),
)
[ info ] [ HEADER ] array (
  'cookie' => 'pgv_pvi=5895930880; usesession=k3d0nlr2ha61vh7i2h2r4m2f56',
  'accept-language' => 'zh-CN,zh;q=0.8',
  'accept-encoding' => 'gzip, deflate, sdch',
  'referer' => 'http://zxw.org/admin.php/index/index/index.html',
  'user-agent' => 'Mozilla/5.0 (Windows NT 6.1; WOW64) AppleWebKit/537.36 (KHTML, like Gecko) Chrome/45.0.2454.101 Safari/537.36',
  'upgrade-insecure-requests' => '1',
  'accept' => 'text/html,application/xhtml+xml,application/xml;q=0.9,image/webp,*/*;q=0.8',
  'cache-control' => 'max-age=0',
  'connection' => 'close',
  'host' => 'zxw.org',
)
[ info ] [ PARAM ] array (
)
[ info ] [ RUN ] app\index\controller\Render->index[ D:\phpStudy\WWW\zxw\application\admin\index\controller\Render.php ]
[ info ] [ VIEW ] D:\phpStudy\WWW\zxw/application/admin/index\view\render\index.html [ array (
) ]
[ info ] [ LOG ] INIT File

---------------------------------------------------------------
[ 2017-03-14T10:05:42+08:00 ] 127.0.0.1 127.0.0.1 GET /admin.php/index/render/top.html
[ log ] zxw.org/admin.php/index/render/top.html [运行时间：0.016001s][吞吐率：62.50req/s] [内存消耗：1,069.99kb] [文件加载：33]
[ info ] [ LANG ] D:\phpStudy\WWW\zxw\thinkphp\lang\zh-cn.php
[ info ] [ ROUTE ] array (
  'type' => 'module',
  'module' => 
  array (
    0 => 'index',
    1 => 'render',
    2 => 'top',
  ),
)
[ info ] [ HEADER ] array (
  'cookie' => 'pgv_pvi=5895930880; usesession=k3d0nlr2ha61vh7i2h2r4m2f56',
  'accept-language' => 'zh-CN,zh;q=0.8',
  'accept-encoding' => 'gzip, deflate, sdch',
  'referer' => 'http://zxw.org/admin.php/index/render/index.html',
  'user-agent' => 'Mozilla/5.0 (Windows NT 6.1; WOW64) AppleWebKit/537.36 (KHTML, like Gecko) Chrome/45.0.2454.101 Safari/537.36',
  'upgrade-insecure-requests' => '1',
  'accept' => 'text/html,application/xhtml+xml,application/xml;q=0.9,image/webp,*/*;q=0.8',
  'cache-control' => 'max-age=0',
  'connection' => 'close',
  'host' => 'zxw.org',
)
[ info ] [ PARAM ] array (
)
[ info ] [ RUN ] app\index\controller\Render->top[ D:\phpStudy\WWW\zxw\application\admin\index\controller\Render.php ]
[ info ] [ VIEW ] D:\phpStudy\WWW\zxw/application/admin/index\view\render\top.html [ array (
) ]
[ info ] [ LOG ] INIT File

---------------------------------------------------------------
[ 2017-03-14T10:05:42+08:00 ] 127.0.0.1 127.0.0.1 GET /admin.php/index/render/left.html
[ log ] zxw.org/admin.php/index/render/left.html [运行时间：0.015001s][吞吐率：66.66req/s] [内存消耗：1,070.05kb] [文件加载：33]
[ info ] [ LANG ] D:\phpStudy\WWW\zxw\thinkphp\lang\zh-cn.php
[ info ] [ ROUTE ] array (
  'type' => 'module',
  'module' => 
  array (
    0 => 'index',
    1 => 'render',
    2 => 'left',
  ),
)
[ info ] [ HEADER ] array (
  'cookie' => 'pgv_pvi=5895930880; usesession=k3d0nlr2ha61vh7i2h2r4m2f56',
  'accept-language' => 'zh-CN,zh;q=0.8',
  'accept-encoding' => 'gzip, deflate, sdch',
  'referer' => 'http://zxw.org/admin.php/index/render/index.html',
  'user-agent' => 'Mozilla/5.0 (Windows NT 6.1; WOW64) AppleWebKit/537.36 (KHTML, like Gecko) Chrome/45.0.2454.101 Safari/537.36',
  'upgrade-insecure-requests' => '1',
  'accept' => 'text/html,application/xhtml+xml,application/xml;q=0.9,image/webp,*/*;q=0.8',
  'cache-control' => 'max-age=0',
  'connection' => 'close',
  'host' => 'zxw.org',
)
[ info ] [ PARAM ] array (
)
[ info ] [ RUN ] app\index\controller\Render->left[ D:\phpStudy\WWW\zxw\application\admin\index\controller\Render.php ]
[ info ] [ VIEW ] D:\phpStudy\WWW\zxw/application/admin/index\view\render\left.html [ array (
) ]
[ info ] [ LOG ] INIT File

---------------------------------------------------------------
[ 2017-03-14T10:05:42+08:00 ] 127.0.0.1 127.0.0.1 GET /admin.php/index/render/aside_img.png
[ log ] zxw.org/admin.php/index/render/aside_img.png [运行时间：0.016001s][吞吐率：62.50req/s] [内存消耗：918.17kb] [文件加载：31]
[ info ] [ LANG ] D:\phpStudy\WWW\zxw\thinkphp\lang\zh-cn.php
[ info ] [ ROUTE ] array (
  'type' => 'module',
  'module' => 
  array (
    0 => 'index',
    1 => 'render',
    2 => 'aside_img.png',
  ),
)
[ info ] [ HEADER ] array (
  'cookie' => 'pgv_pvi=5895930880; usesession=k3d0nlr2ha61vh7i2h2r4m2f56',
  'accept-language' => 'zh-CN,zh;q=0.8',
  'accept-encoding' => 'gzip, deflate, sdch',
  'referer' => 'http://zxw.org/admin.php/index/render/left.html',
  'user-agent' => 'Mozilla/5.0 (Windows NT 6.1; WOW64) AppleWebKit/537.36 (KHTML, like Gecko) Chrome/45.0.2454.101 Safari/537.36',
  'accept' => 'image/webp,image/*,*/*;q=0.8',
  'cache-control' => 'max-age=0',
  'connection' => 'close',
  'host' => 'zxw.org',
)
[ info ] [ PARAM ] array (
)
[ info ] [ LOG ] INIT File

---------------------------------------------------------------
[ 2017-03-14T10:05:42+08:00 ] 127.0.0.1 127.0.0.1 GET /admin.php/index/index/index.html
[ log ] zxw.org/admin.php/index/index/index.html [运行时间：0.034002s][吞吐率：29.41req/s] [内存消耗：1,068.03kb] [文件加载：33]
[ info ] [ LANG ] D:\phpStudy\WWW\zxw\thinkphp\lang\zh-cn.php
[ info ] [ ROUTE ] array (
  'type' => 'module',
  'module' => 
  array (
    0 => 'index',
    1 => 'index',
    2 => 'index',
  ),
)
[ info ] [ HEADER ] array (
  'cookie' => 'pgv_pvi=5895930880; usesession=k3d0nlr2ha61vh7i2h2r4m2f56',
  'accept-language' => 'zh-CN,zh;q=0.8',
  'accept-encoding' => 'gzip, deflate, sdch',
  'referer' => 'http://zxw.org/admin.php',
  'user-agent' => 'Mozilla/5.0 (Windows NT 6.1; WOW64) AppleWebKit/537.36 (KHTML, like Gecko) Chrome/45.0.2454.101 Safari/537.36',
  'upgrade-insecure-requests' => '1',
  'accept' => 'text/html,application/xhtml+xml,application/xml;q=0.9,image/webp,*/*;q=0.8',
  'cache-control' => 'max-age=0',
  'connection' => 'close',
  'host' => 'zxw.org',
)
[ info ] [ PARAM ] array (
)
[ info ] [ RUN ] app\index\controller\Index->index[ D:\phpStudy\WWW\zxw\application\admin\index\controller\Index.php ]
[ info ] [ VIEW ] D:\phpStudy\WWW\zxw/application/admin/index\view\index\index.html [ array (
) ]
[ info ] [ LOG ] INIT File

---------------------------------------------------------------
[ 2017-03-14T10:05:42+08:00 ] 127.0.0.1 127.0.0.1 GET /admin.php/index/render/index.html
[ log ] zxw.org/admin.php/index/render/index.html [运行时间：0.019001s][吞吐率：52.63req/s] [内存消耗：1,069.98kb] [文件加载：33]
[ info ] [ LANG ] D:\phpStudy\WWW\zxw\thinkphp\lang\zh-cn.php
[ info ] [ ROUTE ] array (
  'type' => 'module',
  'module' => 
  array (
    0 => 'index',
    1 => 'render',
    2 => 'index',
  ),
)
[ info ] [ HEADER ] array (
  'cookie' => 'pgv_pvi=5895930880; usesession=k3d0nlr2ha61vh7i2h2r4m2f56',
  'accept-language' => 'zh-CN,zh;q=0.8',
  'accept-encoding' => 'gzip, deflate, sdch',
  'referer' => 'http://zxw.org/admin.php/index/index/index.html',
  'user-agent' => 'Mozilla/5.0 (Windows NT 6.1; WOW64) AppleWebKit/537.36 (KHTML, like Gecko) Chrome/45.0.2454.101 Safari/537.36',
  'upgrade-insecure-requests' => '1',
  'accept' => 'text/html,application/xhtml+xml,application/xml;q=0.9,image/webp,*/*;q=0.8',
  'cache-control' => 'max-age=0',
  'connection' => 'close',
  'host' => 'zxw.org',
)
[ info ] [ PARAM ] array (
)
[ info ] [ RUN ] app\index\controller\Render->index[ D:\phpStudy\WWW\zxw\application\admin\index\controller\Render.php ]
[ info ] [ VIEW ] D:\phpStudy\WWW\zxw/application/admin/index\view\render\index.html [ array (
) ]
[ info ] [ LOG ] INIT File

---------------------------------------------------------------
[ 2017-03-14T10:05:42+08:00 ] 127.0.0.1 127.0.0.1 GET /admin.php/index/render/left.html
[ log ] zxw.org/admin.php/index/render/left.html [运行时间：0.015001s][吞吐率：66.66req/s] [内存消耗：1,070.05kb] [文件加载：33]
[ info ] [ LANG ] D:\phpStudy\WWW\zxw\thinkphp\lang\zh-cn.php
[ info ] [ ROUTE ] array (
  'type' => 'module',
  'module' => 
  array (
    0 => 'index',
    1 => 'render',
    2 => 'left',
  ),
)
[ info ] [ HEADER ] array (
  'cookie' => 'pgv_pvi=5895930880; usesession=k3d0nlr2ha61vh7i2h2r4m2f56',
  'accept-language' => 'zh-CN,zh;q=0.8',
  'accept-encoding' => 'gzip, deflate, sdch',
  'referer' => 'http://zxw.org/admin.php/index/render/index.html',
  'user-agent' => 'Mozilla/5.0 (Windows NT 6.1; WOW64) AppleWebKit/537.36 (KHTML, like Gecko) Chrome/45.0.2454.101 Safari/537.36',
  'upgrade-insecure-requests' => '1',
  'accept' => 'text/html,application/xhtml+xml,application/xml;q=0.9,image/webp,*/*;q=0.8',
  'cache-control' => 'max-age=0',
  'connection' => 'close',
  'host' => 'zxw.org',
)
[ info ] [ PARAM ] array (
)
[ info ] [ RUN ] app\index\controller\Render->left[ D:\phpStudy\WWW\zxw\application\admin\index\controller\Render.php ]
[ info ] [ VIEW ] D:\phpStudy\WWW\zxw/application/admin/index\view\render\left.html [ array (
) ]
[ info ] [ LOG ] INIT File

---------------------------------------------------------------
[ 2017-03-14T10:05:42+08:00 ] 127.0.0.1 127.0.0.1 GET /admin.php/index/render/top.html
[ log ] zxw.org/admin.php/index/render/top.html [运行时间：0.016001s][吞吐率：62.50req/s] [内存消耗：1,069.99kb] [文件加载：33]
[ info ] [ LANG ] D:\phpStudy\WWW\zxw\thinkphp\lang\zh-cn.php
[ info ] [ ROUTE ] array (
  'type' => 'module',
  'module' => 
  array (
    0 => 'index',
    1 => 'render',
    2 => 'top',
  ),
)
[ info ] [ HEADER ] array (
  'cookie' => 'pgv_pvi=5895930880; usesession=k3d0nlr2ha61vh7i2h2r4m2f56',
  'accept-language' => 'zh-CN,zh;q=0.8',
  'accept-encoding' => 'gzip, deflate, sdch',
  'referer' => 'http://zxw.org/admin.php/index/render/index.html',
  'user-agent' => 'Mozilla/5.0 (Windows NT 6.1; WOW64) AppleWebKit/537.36 (KHTML, like Gecko) Chrome/45.0.2454.101 Safari/537.36',
  'upgrade-insecure-requests' => '1',
  'accept' => 'text/html,application/xhtml+xml,application/xml;q=0.9,image/webp,*/*;q=0.8',
  'cache-control' => 'max-age=0',
  'connection' => 'close',
  'host' => 'zxw.org',
)
[ info ] [ PARAM ] array (
)
[ info ] [ RUN ] app\index\controller\Render->top[ D:\phpStudy\WWW\zxw\application\admin\index\controller\Render.php ]
[ info ] [ VIEW ] D:\phpStudy\WWW\zxw/application/admin/index\view\render\top.html [ array (
) ]
[ info ] [ LOG ] INIT File

---------------------------------------------------------------
[ 2017-03-14T10:05:42+08:00 ] 127.0.0.1 127.0.0.1 GET /admin.php/index/render/aside_img.png
[ log ] zxw.org/admin.php/index/render/aside_img.png [运行时间：0.017001s][吞吐率：58.82req/s] [内存消耗：918.17kb] [文件加载：31]
[ info ] [ LANG ] D:\phpStudy\WWW\zxw\thinkphp\lang\zh-cn.php
[ info ] [ ROUTE ] array (
  'type' => 'module',
  'module' => 
  array (
    0 => 'index',
    1 => 'render',
    2 => 'aside_img.png',
  ),
)
[ info ] [ HEADER ] array (
  'cookie' => 'pgv_pvi=5895930880; usesession=k3d0nlr2ha61vh7i2h2r4m2f56',
  'accept-language' => 'zh-CN,zh;q=0.8',
  'accept-encoding' => 'gzip, deflate, sdch',
  'referer' => 'http://zxw.org/admin.php/index/render/left.html',
  'user-agent' => 'Mozilla/5.0 (Windows NT 6.1; WOW64) AppleWebKit/537.36 (KHTML, like Gecko) Chrome/45.0.2454.101 Safari/537.36',
  'accept' => 'image/webp,image/*,*/*;q=0.8',
  'cache-control' => 'max-age=0',
  'connection' => 'close',
  'host' => 'zxw.org',
)
[ info ] [ PARAM ] array (
)
[ info ] [ LOG ] INIT File

---------------------------------------------------------------
[ 2017-03-14T10:05:42+08:00 ] 127.0.0.1 127.0.0.1 GET /admin.php/index/index/index.html
[ log ] zxw.org/admin.php/index/index/index.html [运行时间：0.032002s][吞吐率：31.25req/s] [内存消耗：1,068.03kb] [文件加载：33]
[ info ] [ LANG ] D:\phpStudy\WWW\zxw\thinkphp\lang\zh-cn.php
[ info ] [ ROUTE ] array (
  'type' => 'module',
  'module' => 
  array (
    0 => 'index',
    1 => 'index',
    2 => 'index',
  ),
)
[ info ] [ HEADER ] array (
  'cookie' => 'pgv_pvi=5895930880; usesession=k3d0nlr2ha61vh7i2h2r4m2f56',
  'accept-language' => 'zh-CN,zh;q=0.8',
  'accept-encoding' => 'gzip, deflate, sdch',
  'referer' => 'http://zxw.org/admin.php',
  'user-agent' => 'Mozilla/5.0 (Windows NT 6.1; WOW64) AppleWebKit/537.36 (KHTML, like Gecko) Chrome/45.0.2454.101 Safari/537.36',
  'upgrade-insecure-requests' => '1',
  'accept' => 'text/html,application/xhtml+xml,application/xml;q=0.9,image/webp,*/*;q=0.8',
  'cache-control' => 'max-age=0',
  'connection' => 'close',
  'host' => 'zxw.org',
)
[ info ] [ PARAM ] array (
)
[ info ] [ RUN ] app\index\controller\Index->index[ D:\phpStudy\WWW\zxw\application\admin\index\controller\Index.php ]
[ info ] [ VIEW ] D:\phpStudy\WWW\zxw/application/admin/index\view\index\index.html [ array (
) ]
[ info ] [ LOG ] INIT File

---------------------------------------------------------------
[ 2017-03-14T10:05:42+08:00 ] 127.0.0.1 127.0.0.1 GET /admin.php/index/render/index.html
[ log ] zxw.org/admin.php/index/render/index.html [运行时间：0.018001s][吞吐率：55.55req/s] [内存消耗：1,069.98kb] [文件加载：33]
[ info ] [ LANG ] D:\phpStudy\WWW\zxw\thinkphp\lang\zh-cn.php
[ info ] [ ROUTE ] array (
  'type' => 'module',
  'module' => 
  array (
    0 => 'index',
    1 => 'render',
    2 => 'index',
  ),
)
[ info ] [ HEADER ] array (
  'cookie' => 'pgv_pvi=5895930880; usesession=k3d0nlr2ha61vh7i2h2r4m2f56',
  'accept-language' => 'zh-CN,zh;q=0.8',
  'accept-encoding' => 'gzip, deflate, sdch',
  'referer' => 'http://zxw.org/admin.php/index/index/index.html',
  'user-agent' => 'Mozilla/5.0 (Windows NT 6.1; WOW64) AppleWebKit/537.36 (KHTML, like Gecko) Chrome/45.0.2454.101 Safari/537.36',
  'upgrade-insecure-requests' => '1',
  'accept' => 'text/html,application/xhtml+xml,application/xml;q=0.9,image/webp,*/*;q=0.8',
  'cache-control' => 'max-age=0',
  'connection' => 'close',
  'host' => 'zxw.org',
)
[ info ] [ PARAM ] array (
)
[ info ] [ RUN ] app\index\controller\Render->index[ D:\phpStudy\WWW\zxw\application\admin\index\controller\Render.php ]
[ info ] [ VIEW ] D:\phpStudy\WWW\zxw/application/admin/index\view\render\index.html [ array (
) ]
[ info ] [ LOG ] INIT File

---------------------------------------------------------------
[ 2017-03-14T10:05:42+08:00 ] 127.0.0.1 127.0.0.1 GET /admin.php/index/render/top.html
[ log ] zxw.org/admin.php/index/render/top.html [运行时间：0.018001s][吞吐率：55.55req/s] [内存消耗：1,069.99kb] [文件加载：33]
[ info ] [ LANG ] D:\phpStudy\WWW\zxw\thinkphp\lang\zh-cn.php
[ info ] [ ROUTE ] array (
  'type' => 'module',
  'module' => 
  array (
    0 => 'index',
    1 => 'render',
    2 => 'top',
  ),
)
[ info ] [ HEADER ] array (
  'cookie' => 'pgv_pvi=5895930880; usesession=k3d0nlr2ha61vh7i2h2r4m2f56',
  'accept-language' => 'zh-CN,zh;q=0.8',
  'accept-encoding' => 'gzip, deflate, sdch',
  'referer' => 'http://zxw.org/admin.php/index/render/index.html',
  'user-agent' => 'Mozilla/5.0 (Windows NT 6.1; WOW64) AppleWebKit/537.36 (KHTML, like Gecko) Chrome/45.0.2454.101 Safari/537.36',
  'upgrade-insecure-requests' => '1',
  'accept' => 'text/html,application/xhtml+xml,application/xml;q=0.9,image/webp,*/*;q=0.8',
  'cache-control' => 'max-age=0',
  'connection' => 'close',
  'host' => 'zxw.org',
)
[ info ] [ PARAM ] array (
)
[ info ] [ RUN ] app\index\controller\Render->top[ D:\phpStudy\WWW\zxw\application\admin\index\controller\Render.php ]
[ info ] [ VIEW ] D:\phpStudy\WWW\zxw/application/admin/index\view\render\top.html [ array (
) ]
[ info ] [ LOG ] INIT File

---------------------------------------------------------------
[ 2017-03-14T10:05:42+08:00 ] 127.0.0.1 127.0.0.1 GET /admin.php/index/render/left.html
[ log ] zxw.org/admin.php/index/render/left.html [运行时间：0.016001s][吞吐率：62.50req/s] [内存消耗：1,070.05kb] [文件加载：33]
[ info ] [ LANG ] D:\phpStudy\WWW\zxw\thinkphp\lang\zh-cn.php
[ info ] [ ROUTE ] array (
  'type' => 'module',
  'module' => 
  array (
    0 => 'index',
    1 => 'render',
    2 => 'left',
  ),
)
[ info ] [ HEADER ] array (
  'cookie' => 'pgv_pvi=5895930880; usesession=k3d0nlr2ha61vh7i2h2r4m2f56',
  'accept-language' => 'zh-CN,zh;q=0.8',
  'accept-encoding' => 'gzip, deflate, sdch',
  'referer' => 'http://zxw.org/admin.php/index/render/index.html',
  'user-agent' => 'Mozilla/5.0 (Windows NT 6.1; WOW64) AppleWebKit/537.36 (KHTML, like Gecko) Chrome/45.0.2454.101 Safari/537.36',
  'upgrade-insecure-requests' => '1',
  'accept' => 'text/html,application/xhtml+xml,application/xml;q=0.9,image/webp,*/*;q=0.8',
  'cache-control' => 'max-age=0',
  'connection' => 'close',
  'host' => 'zxw.org',
)
[ info ] [ PARAM ] array (
)
[ info ] [ RUN ] app\index\controller\Render->left[ D:\phpStudy\WWW\zxw\application\admin\index\controller\Render.php ]
[ info ] [ VIEW ] D:\phpStudy\WWW\zxw/application/admin/index\view\render\left.html [ array (
) ]
[ info ] [ LOG ] INIT File

---------------------------------------------------------------
[ 2017-03-14T10:05:42+08:00 ] 127.0.0.1 127.0.0.1 GET /admin.php/index/render/aside_img.png
[ log ] zxw.org/admin.php/index/render/aside_img.png [运行时间：0.017001s][吞吐率：58.82req/s] [内存消耗：918.17kb] [文件加载：31]
[ info ] [ LANG ] D:\phpStudy\WWW\zxw\thinkphp\lang\zh-cn.php
[ info ] [ ROUTE ] array (
  'type' => 'module',
  'module' => 
  array (
    0 => 'index',
    1 => 'render',
    2 => 'aside_img.png',
  ),
)
[ info ] [ HEADER ] array (
  'cookie' => 'pgv_pvi=5895930880; usesession=k3d0nlr2ha61vh7i2h2r4m2f56',
  'accept-language' => 'zh-CN,zh;q=0.8',
  'accept-encoding' => 'gzip, deflate, sdch',
  'referer' => 'http://zxw.org/admin.php/index/render/left.html',
  'user-agent' => 'Mozilla/5.0 (Windows NT 6.1; WOW64) AppleWebKit/537.36 (KHTML, like Gecko) Chrome/45.0.2454.101 Safari/537.36',
  'accept' => 'image/webp,image/*,*/*;q=0.8',
  'cache-control' => 'max-age=0',
  'connection' => 'close',
  'host' => 'zxw.org',
)
[ info ] [ PARAM ] array (
)
[ info ] [ LOG ] INIT File

---------------------------------------------------------------
[ 2017-03-14T10:05:43+08:00 ] 127.0.0.1 127.0.0.1 GET /admin.php/index/render/right.html
[ log ] zxw.org/admin.php/index/render/right.html [运行时间：0.046002s][吞吐率：21.74req/s] [内存消耗：1,070.00kb] [文件加载：33]
[ info ] [ LANG ] D:\phpStudy\WWW\zxw\thinkphp\lang\zh-cn.php
[ info ] [ ROUTE ] array (
  'type' => 'module',
  'module' => 
  array (
    0 => 'index',
    1 => 'render',
    2 => 'right',
  ),
)
[ info ] [ HEADER ] array (
  'cookie' => 'pgv_pvi=5895930880; usesession=k3d0nlr2ha61vh7i2h2r4m2f56',
  'accept-language' => 'zh-CN,zh;q=0.8',
  'accept-encoding' => 'gzip, deflate, sdch',
  'referer' => 'http://zxw.org/admin.php/index/render/index.html',
  'user-agent' => 'Mozilla/5.0 (Windows NT 6.1; WOW64) AppleWebKit/537.36 (KHTML, like Gecko) Chrome/45.0.2454.101 Safari/537.36',
  'upgrade-insecure-requests' => '1',
  'accept' => 'text/html,application/xhtml+xml,application/xml;q=0.9,image/webp,*/*;q=0.8',
  'cache-control' => 'max-age=0',
  'connection' => 'close',
  'host' => 'zxw.org',
)
[ info ] [ PARAM ] array (
)
[ info ] [ RUN ] app\index\controller\Render->right[ D:\phpStudy\WWW\zxw\application\admin\index\controller\Render.php ]
[ info ] [ VIEW ] D:\phpStudy\WWW\zxw/application/admin/index\view\render\right.html [ array (
) ]
[ info ] [ LOG ] INIT File

---------------------------------------------------------------
[ 2017-03-14T10:05:43+08:00 ] 127.0.0.1 127.0.0.1 GET /admin.php/index/render/right.html
[ log ] zxw.org/admin.php/index/render/right.html [运行时间：0.040002s][吞吐率：25.00req/s] [内存消耗：1,070.00kb] [文件加载：33]
[ info ] [ LANG ] D:\phpStudy\WWW\zxw\thinkphp\lang\zh-cn.php
[ info ] [ ROUTE ] array (
  'type' => 'module',
  'module' => 
  array (
    0 => 'index',
    1 => 'render',
    2 => 'right',
  ),
)
[ info ] [ HEADER ] array (
  'cookie' => 'pgv_pvi=5895930880; usesession=k3d0nlr2ha61vh7i2h2r4m2f56',
  'accept-language' => 'zh-CN,zh;q=0.8',
  'accept-encoding' => 'gzip, deflate, sdch',
  'referer' => 'http://zxw.org/admin.php/index/render/index.html',
  'user-agent' => 'Mozilla/5.0 (Windows NT 6.1; WOW64) AppleWebKit/537.36 (KHTML, like Gecko) Chrome/45.0.2454.101 Safari/537.36',
  'upgrade-insecure-requests' => '1',
  'accept' => 'text/html,application/xhtml+xml,application/xml;q=0.9,image/webp,*/*;q=0.8',
  'cache-control' => 'max-age=0',
  'connection' => 'close',
  'host' => 'zxw.org',
)
[ info ] [ PARAM ] array (
)
[ info ] [ RUN ] app\index\controller\Render->right[ D:\phpStudy\WWW\zxw\application\admin\index\controller\Render.php ]
[ info ] [ VIEW ] D:\phpStudy\WWW\zxw/application/admin/index\view\render\right.html [ array (
) ]
[ info ] [ LOG ] INIT File

---------------------------------------------------------------
[ 2017-03-14T10:05:43+08:00 ] 127.0.0.1 127.0.0.1 GET /admin.php/index/render/right.html
[ log ] zxw.org/admin.php/index/render/right.html [运行时间：0.042003s][吞吐率：23.81req/s] [内存消耗：1,070.00kb] [文件加载：33]
[ info ] [ LANG ] D:\phpStudy\WWW\zxw\thinkphp\lang\zh-cn.php
[ info ] [ ROUTE ] array (
  'type' => 'module',
  'module' => 
  array (
    0 => 'index',
    1 => 'render',
    2 => 'right',
  ),
)
[ info ] [ HEADER ] array (
  'cookie' => 'pgv_pvi=5895930880; usesession=k3d0nlr2ha61vh7i2h2r4m2f56',
  'accept-language' => 'zh-CN,zh;q=0.8',
  'accept-encoding' => 'gzip, deflate, sdch',
  'referer' => 'http://zxw.org/admin.php/index/render/index.html',
  'user-agent' => 'Mozilla/5.0 (Windows NT 6.1; WOW64) AppleWebKit/537.36 (KHTML, like Gecko) Chrome/45.0.2454.101 Safari/537.36',
  'upgrade-insecure-requests' => '1',
  'accept' => 'text/html,application/xhtml+xml,application/xml;q=0.9,image/webp,*/*;q=0.8',
  'cache-control' => 'max-age=0',
  'connection' => 'close',
  'host' => 'zxw.org',
)
[ info ] [ PARAM ] array (
)
[ info ] [ RUN ] app\index\controller\Render->right[ D:\phpStudy\WWW\zxw\application\admin\index\controller\Render.php ]
[ info ] [ VIEW ] D:\phpStudy\WWW\zxw/application/admin/index\view\render\right.html [ array (
) ]
[ info ] [ LOG ] INIT File

---------------------------------------------------------------
